25-04-19 13:53:38 [INFO] Logger started.
25-04-19 13:53:38 [INFO] Logging system initialized.
25-04-19 13:53:38 [INFO] Detected Minecraft version: 1.21.5
25-04-19 13:53:53 [WARNING] Running in Bukkit-API-only mode (1.21.5-22-6c2b037 (MC: 1.21.5)). If this is not intended, please check for updates and consider to request support.
25-04-19 13:53:53 [WARNING]  Check for updates and support at BukkitDev: https://dev.bukkit.org/server-mods/nocheatplus/
25-04-19 13:53:53 [WARNING]  Development builds (unsupported by the Bukkit Staff, use at your own risk): https://ci.md-5.net/job/NoCheatPlus/changes
25-04-19 13:53:53 [WARNING] Bukkit-API-only mode: Some features will likely not function properly, performance might suffer.
25-04-19 13:53:53 [INFO] McAccess set to: 1.4.6-1.11.2|? / Bukkit-API
25-04-19 13:53:53 [INFO] Added block-info for Minecraft 1.5 blocks.
25-04-19 13:53:53 [INFO] Added block-info for Minecraft 1.6.1 blocks.
25-04-19 13:53:53 [INFO] Added block-info for Minecraft 1.7.2 blocks.
25-04-19 13:53:53 [INFO] Added block-info for Minecraft 1.8 blocks.
25-04-19 13:53:53 [INFO] Added block-info for Minecraft 1.9 blocks.
25-04-19 13:53:53 [INFO] Added block-info for Minecraft 1.10 blocks.
25-04-19 13:53:53 [INFO] Added block-info for Minecraft 1.11 blocks.
25-04-19 13:53:53 [INFO] Added block-info for Minecraft 1.12 blocks.
25-04-19 13:53:53 [INFO] Inventory checks: FastConsume is available, disabled InstantEat.
25-04-19 13:53:53 [INFO] Packet level access: ProtocolLib is not available.
25-04-19 13:53:53 [INFO] Force disable FastHeal on Minecraft 1.9 and later.
25-04-19 13:53:53 [INFO] Version 3.16.0-RC-sMD5NET-b1134 is enabled.
25-04-19 13:53:54 [INFO] [GenericInstanceRegistry] Registered for itself: fr.neatmonster.nocheatplus.stats.Counters
25-04-19 13:53:54 [INFO] [GenericInstanceRegistry] Registered for itself: fr.neatmonster.nocheatplus.checks.workaround.WRPT
25-04-19 13:53:54 [INFO] [GenericInstanceRegistry] Registered for itself: fr.neatmonster.nocheatplus.checks.moving.location.tracking.LocationTrace$TraceEntryPool
25-04-19 13:53:54 [INFO] [GenericInstanceRegistry] Registered for itself: fr.neatmonster.nocheatplus.utilities.entity.PassengerUtil
25-04-19 13:53:54 [INFO] [GenericInstanceRegistry] Registered for itself: java.util.Random
25-04-19 13:53:54 [INFO] [GenericInstanceRegistry] Registered for fr.neatmonster.nocheatplus.compat.IBridgeCrossPlugin: fr.neatmonster.nocheatplus.compat.meta.BridgeCrossPlugin
25-04-19 13:53:54 [INFO] [GenericInstanceRegistry] Registered for fr.neatmonster.nocheatplus.compat.MCAccess: fr.neatmonster.nocheatplus.compat.bukkit.MCAccessBukkit
25-04-19 13:53:54 [INFO] [GenericInstanceRegistry] Registered for fr.neatmonster.nocheatplus.utilities.map.BlockCache: fr.neatmonster.nocheatplus.compat.bukkit.BlockCacheBukkit
25-04-19 13:53:54 [INFO] [GenericInstanceRegistry] Registered for fr.neatmonster.nocheatplus.components.modifier.IAttributeAccess: fr.neatmonster.nocheatplus.compat.bukkit.BukkitAttributeAccess
25-04-19 13:53:54 [WARNING] The block breaking data is incomplete, default to allow instant breaking:
--- Missing entries -------------------------------
* MISSING (WHEAT) 
* MISSING (SIGN / SOLID+GROUND) 
* MISSING (WOOD_DOOR / SOLID+GROUND) 
* MISSING (IRON_DOOR / SOLID+GROUND) 
* MISSING (SUGAR_CANE) 
* MISSING (CAKE / SOLID+GROUND) 
* MISSING (BED / SOLID+GROUND) 
* MISSING (DIODE) 
* MISSING (NETHER_STALK) 
* MISSING (BREWING_STAND_ITEM / SOLID+GROUND) 
* MISSING (CAULDRON_ITEM / SOLID+GROUND) 
* MISSING (FLOWER_POT_ITEM) 
* MISSING (SKULL_ITEM) 
* MISSING (REDSTONE_COMPARATOR) 
* MISSING (BANNER / SOLID+GROUND) 
* MISSING (SPRUCE_DOOR_ITEM / SOLID+GROUND) 
* MISSING (BIRCH_DOOR_ITEM / SOLID+GROUND) 
* MISSING (JUNGLE_DOOR_ITEM / SOLID+GROUND) 
* MISSING (ACACIA_DOOR_ITEM / SOLID+GROUND) 
* MISSING (DARK_OAK_DOOR_ITEM / SOLID+GROUND) 
25-04-19 13:53:54 [INFO] Could not register an instance for: fr.neatmonster.nocheatplus.components.entity.IEntityAccessLastPositionAndLook
25-04-19 13:53:54 [INFO] [GenericInstanceRegistry] Registered for fr.neatmonster.nocheatplus.components.entity.IEntityAccessVehicle: fr.neatmonster.nocheatplus.compat.bukkit.EntityAccessVehicleMultiPassenger
25-04-19 13:53:54 [INFO] [GenericInstanceRegistry] Registered for itself: fr.neatmonster.nocheatplus.checks.moving.util.AuxMoving
25-04-19 13:53:54 [INFO] Added hook: AllViolations(NCP) [1.0].
25-04-19 13:53:54 [INFO] Post-enable running...
25-04-19 13:53:54 [INFO] Post-enable finished.
25-04-19 13:53:54 [INFO] ---- Version information ----
#### Server ####
1.21.5-22-6c2b037 ~MC: 1.21.5~
  detected: 1.21.5
#### NoCheatPlus ####
Plugin: 3.16.0-RC-sMD5NET-b1134
MCAccess: 1.4.6-1.11.2|? / Bukkit-API
Features:
  blocks: BlocksMC1_4 | BlocksMC1_5 | BlocksMC1_6_1 | BlocksMC1_7_2 | BlocksMC1_8 | BlocksMC1_9 | BlocksMC1_10 | BlocksMC1_11 | BlocksMC1_12
  checks: FastConsume | Gutenberg | HotFixFallingBlockPortalEnter
  defaults: pvpKnockBackVelocity
Hooks: AllViolations~NCP~ 1.0
25-04-19 14:00:34 [INFO] Removed hook: AllViolations(NCP) [1.0].
25-04-19 14:00:34 [FINE] | cancel.dead 0 | cancel.offline 0 | block.interact.look.current 0 | block.interact.look.flying.first 0 | block.interact.look.flying.other 0 | illegalitem 0 | boatsanywhere 0 | throwenderpearl 0 | fakeinvulnerable 0 | eggonentity 0 | event.player.move 0 |
25-04-19 14:00:34 [INFO] [GenericInstanceRegistry] Registry cleared.
25-04-19 14:01:44 [INFO] Logger started.
25-04-19 14:01:44 [INFO] Logging system initialized.
25-04-19 14:01:44 [INFO] Detected Minecraft version: 1.21.5
25-04-19 14:01:49 [WARNING] Running in Bukkit-API-only mode (1.21.5-22-6c2b037 (MC: 1.21.5)). If this is not intended, please check for updates and consider to request support.
25-04-19 14:01:49 [WARNING]  Check for updates and support at BukkitDev: https://dev.bukkit.org/server-mods/nocheatplus/
25-04-19 14:01:49 [WARNING]  Development builds (unsupported by the Bukkit Staff, use at your own risk): https://ci.md-5.net/job/NoCheatPlus/changes
25-04-19 14:01:49 [WARNING] Bukkit-API-only mode: Some features will likely not function properly, performance might suffer.
25-04-19 14:01:49 [INFO] McAccess set to: 1.4.6-1.11.2|? / Bukkit-API
25-04-19 14:01:49 [INFO] Added block-info for Minecraft 1.5 blocks.
25-04-19 14:01:49 [INFO] Added block-info for Minecraft 1.6.1 blocks.
25-04-19 14:01:49 [INFO] Added block-info for Minecraft 1.7.2 blocks.
25-04-19 14:01:49 [INFO] Added block-info for Minecraft 1.8 blocks.
25-04-19 14:01:49 [INFO] Added block-info for Minecraft 1.9 blocks.
25-04-19 14:01:49 [INFO] Added block-info for Minecraft 1.10 blocks.
25-04-19 14:01:49 [INFO] Added block-info for Minecraft 1.11 blocks.
25-04-19 14:01:49 [INFO] Added block-info for Minecraft 1.12 blocks.
25-04-19 14:01:49 [INFO] Inventory checks: FastConsume is available, disabled InstantEat.
25-04-19 14:01:49 [INFO] Packet level access: ProtocolLib is not available.
25-04-19 14:01:49 [INFO] Force disable FastHeal on Minecraft 1.9 and later.
25-04-19 14:01:49 [INFO] Version 3.16.0-RC-sMD5NET-b1134 is enabled.
25-04-19 14:01:49 [INFO] [GenericInstanceRegistry] Registered for itself: fr.neatmonster.nocheatplus.stats.Counters
25-04-19 14:01:49 [INFO] [GenericInstanceRegistry] Registered for itself: fr.neatmonster.nocheatplus.checks.workaround.WRPT
25-04-19 14:01:49 [INFO] [GenericInstanceRegistry] Registered for itself: fr.neatmonster.nocheatplus.checks.moving.location.tracking.LocationTrace$TraceEntryPool
25-04-19 14:01:49 [INFO] [GenericInstanceRegistry] Registered for itself: fr.neatmonster.nocheatplus.utilities.entity.PassengerUtil
25-04-19 14:01:49 [INFO] [GenericInstanceRegistry] Registered for itself: java.util.Random
25-04-19 14:01:49 [INFO] [GenericInstanceRegistry] Registered for fr.neatmonster.nocheatplus.compat.IBridgeCrossPlugin: fr.neatmonster.nocheatplus.compat.meta.BridgeCrossPlugin
25-04-19 14:01:49 [INFO] [GenericInstanceRegistry] Registered for fr.neatmonster.nocheatplus.compat.MCAccess: fr.neatmonster.nocheatplus.compat.bukkit.MCAccessBukkit
25-04-19 14:01:49 [INFO] [GenericInstanceRegistry] Registered for fr.neatmonster.nocheatplus.utilities.map.BlockCache: fr.neatmonster.nocheatplus.compat.bukkit.BlockCacheBukkit
25-04-19 14:01:49 [INFO] [GenericInstanceRegistry] Registered for fr.neatmonster.nocheatplus.components.modifier.IAttributeAccess: fr.neatmonster.nocheatplus.compat.bukkit.BukkitAttributeAccess
25-04-19 14:01:49 [WARNING] The block breaking data is incomplete, default to allow instant breaking:
--- Missing entries -------------------------------
* MISSING (WHEAT) 
* MISSING (SIGN / SOLID+GROUND) 
* MISSING (WOOD_DOOR / SOLID+GROUND) 
* MISSING (IRON_DOOR / SOLID+GROUND) 
* MISSING (SUGAR_CANE) 
* MISSING (CAKE / SOLID+GROUND) 
* MISSING (BED / SOLID+GROUND) 
* MISSING (DIODE) 
* MISSING (NETHER_STALK) 
* MISSING (BREWING_STAND_ITEM / SOLID+GROUND) 
* MISSING (CAULDRON_ITEM / SOLID+GROUND) 
* MISSING (FLOWER_POT_ITEM) 
* MISSING (SKULL_ITEM) 
* MISSING (REDSTONE_COMPARATOR) 
* MISSING (BANNER / SOLID+GROUND) 
* MISSING (SPRUCE_DOOR_ITEM / SOLID+GROUND) 
* MISSING (BIRCH_DOOR_ITEM / SOLID+GROUND) 
* MISSING (JUNGLE_DOOR_ITEM / SOLID+GROUND) 
* MISSING (ACACIA_DOOR_ITEM / SOLID+GROUND) 
* MISSING (DARK_OAK_DOOR_ITEM / SOLID+GROUND) 
25-04-19 14:01:49 [INFO] Could not register an instance for: fr.neatmonster.nocheatplus.components.entity.IEntityAccessLastPositionAndLook
25-04-19 14:01:49 [INFO] [GenericInstanceRegistry] Registered for fr.neatmonster.nocheatplus.components.entity.IEntityAccessVehicle: fr.neatmonster.nocheatplus.compat.bukkit.EntityAccessVehicleMultiPassenger
25-04-19 14:01:49 [INFO] [GenericInstanceRegistry] Registered for itself: fr.neatmonster.nocheatplus.checks.moving.util.AuxMoving
25-04-19 14:01:49 [INFO] Added hook: AllViolations(NCP) [1.0].
25-04-19 14:01:49 [INFO] Post-enable running...
25-04-19 14:01:50 [INFO] Post-enable finished.
25-04-19 14:01:50 [INFO] ---- Version information ----
#### Server ####
1.21.5-22-6c2b037 ~MC: 1.21.5~
  detected: 1.21.5
#### NoCheatPlus ####
Plugin: 3.16.0-RC-sMD5NET-b1134
MCAccess: 1.4.6-1.11.2|? / Bukkit-API
Features:
  blocks: BlocksMC1_4 | BlocksMC1_5 | BlocksMC1_6_1 | BlocksMC1_7_2 | BlocksMC1_8 | BlocksMC1_9 | BlocksMC1_10 | BlocksMC1_11 | BlocksMC1_12
  checks: FastConsume | Gutenberg | HotFixFallingBlockPortalEnter
  defaults: pvpKnockBackVelocity
Hooks: AllViolations~NCP~ 1.0
25-04-19 14:03:11 [INFO] Removed hook: AllViolations(NCP) [1.0].
25-04-19 14:03:11 [FINE] | cancel.dead 0 | cancel.offline 0 | block.interact.look.current 0 | block.interact.look.flying.first 0 | block.interact.look.flying.other 0 | illegalitem 0 | boatsanywhere 0 | throwenderpearl 0 | fakeinvulnerable 0 | eggonentity 0 | event.player.move 0 |
25-04-19 14:03:11 [INFO] [GenericInstanceRegistry] Registry cleared.
25-04-19 14:05:54 [INFO] Logger started.
25-04-19 14:05:54 [INFO] Logging system initialized.
25-04-19 14:05:54 [INFO] Detected Minecraft version: 1.21.5
25-04-19 14:05:58 [WARNING] Running in Bukkit-API-only mode (1.21.5-22-6c2b037 (MC: 1.21.5)). If this is not intended, please check for updates and consider to request support.
25-04-19 14:05:58 [WARNING]  Check for updates and support at BukkitDev: https://dev.bukkit.org/server-mods/nocheatplus/
25-04-19 14:05:58 [WARNING]  Development builds (unsupported by the Bukkit Staff, use at your own risk): https://ci.md-5.net/job/NoCheatPlus/changes
25-04-19 14:05:58 [WARNING] Bukkit-API-only mode: Some features will likely not function properly, performance might suffer.
25-04-19 14:05:58 [INFO] McAccess set to: 1.4.6-1.11.2|? / Bukkit-API
25-04-19 14:05:58 [INFO] Added block-info for Minecraft 1.5 blocks.
25-04-19 14:05:58 [INFO] Added block-info for Minecraft 1.6.1 blocks.
25-04-19 14:05:58 [INFO] Added block-info for Minecraft 1.7.2 blocks.
25-04-19 14:05:58 [INFO] Added block-info for Minecraft 1.8 blocks.
25-04-19 14:05:58 [INFO] Added block-info for Minecraft 1.9 blocks.
25-04-19 14:05:58 [INFO] Added block-info for Minecraft 1.10 blocks.
25-04-19 14:05:58 [INFO] Added block-info for Minecraft 1.11 blocks.
25-04-19 14:05:58 [INFO] Added block-info for Minecraft 1.12 blocks.
25-04-19 14:05:58 [INFO] Inventory checks: FastConsume is available, disabled InstantEat.
25-04-19 14:05:58 [INFO] Packet level access: ProtocolLib is not available.
25-04-19 14:05:58 [INFO] Force disable FastHeal on Minecraft 1.9 and later.
25-04-19 14:05:58 [INFO] Version 3.16.0-RC-sMD5NET-b1134 is enabled.
25-04-19 14:05:58 [INFO] [GenericInstanceRegistry] Registered for itself: fr.neatmonster.nocheatplus.stats.Counters
25-04-19 14:05:58 [INFO] [GenericInstanceRegistry] Registered for itself: fr.neatmonster.nocheatplus.checks.workaround.WRPT
25-04-19 14:05:58 [INFO] [GenericInstanceRegistry] Registered for itself: fr.neatmonster.nocheatplus.checks.moving.location.tracking.LocationTrace$TraceEntryPool
25-04-19 14:05:58 [INFO] [GenericInstanceRegistry] Registered for itself: fr.neatmonster.nocheatplus.utilities.entity.PassengerUtil
25-04-19 14:05:58 [INFO] [GenericInstanceRegistry] Registered for itself: java.util.Random
25-04-19 14:05:58 [INFO] [GenericInstanceRegistry] Registered for fr.neatmonster.nocheatplus.compat.IBridgeCrossPlugin: fr.neatmonster.nocheatplus.compat.meta.BridgeCrossPlugin
25-04-19 14:05:58 [INFO] [GenericInstanceRegistry] Registered for fr.neatmonster.nocheatplus.compat.MCAccess: fr.neatmonster.nocheatplus.compat.bukkit.MCAccessBukkit
25-04-19 14:05:58 [INFO] [GenericInstanceRegistry] Registered for fr.neatmonster.nocheatplus.utilities.map.BlockCache: fr.neatmonster.nocheatplus.compat.bukkit.BlockCacheBukkit
25-04-19 14:05:58 [INFO] [GenericInstanceRegistry] Registered for fr.neatmonster.nocheatplus.components.modifier.IAttributeAccess: fr.neatmonster.nocheatplus.compat.bukkit.BukkitAttributeAccess
25-04-19 14:05:58 [INFO] Could not register an instance for: fr.neatmonster.nocheatplus.components.entity.IEntityAccessLastPositionAndLook
25-04-19 14:05:58 [INFO] [GenericInstanceRegistry] Registered for fr.neatmonster.nocheatplus.components.entity.IEntityAccessVehicle: fr.neatmonster.nocheatplus.compat.bukkit.EntityAccessVehicleMultiPassenger
25-04-19 14:05:58 [INFO] [GenericInstanceRegistry] Registered for itself: fr.neatmonster.nocheatplus.checks.moving.util.AuxMoving
25-04-19 14:05:58 [WARNING] The block breaking data is incomplete, default to allow instant breaking:
--- Missing entries -------------------------------
* MISSING (WHEAT) 
* MISSING (SIGN / SOLID+GROUND) 
* MISSING (WOOD_DOOR / SOLID+GROUND) 
* MISSING (IRON_DOOR / SOLID+GROUND) 
* MISSING (SUGAR_CANE) 
* MISSING (CAKE / SOLID+GROUND) 
* MISSING (BED / SOLID+GROUND) 
* MISSING (DIODE) 
* MISSING (NETHER_STALK) 
* MISSING (BREWING_STAND_ITEM / SOLID+GROUND) 
* MISSING (CAULDRON_ITEM / SOLID+GROUND) 
* MISSING (FLOWER_POT_ITEM) 
* MISSING (SKULL_ITEM) 
* MISSING (REDSTONE_COMPARATOR) 
* MISSING (BANNER / SOLID+GROUND) 
* MISSING (SPRUCE_DOOR_ITEM / SOLID+GROUND) 
* MISSING (BIRCH_DOOR_ITEM / SOLID+GROUND) 
* MISSING (JUNGLE_DOOR_ITEM / SOLID+GROUND) 
* MISSING (ACACIA_DOOR_ITEM / SOLID+GROUND) 
* MISSING (DARK_OAK_DOOR_ITEM / SOLID+GROUND) 
25-04-19 14:05:58 [INFO] Added hook: AllViolations(NCP) [1.0].
25-04-19 14:05:58 [INFO] Post-enable running...
25-04-19 14:05:58 [INFO] Post-enable finished.
25-04-19 14:05:58 [INFO] ---- Version information ----
#### Server ####
1.21.5-22-6c2b037 ~MC: 1.21.5~
  detected: 1.21.5
#### NoCheatPlus ####
Plugin: 3.16.0-RC-sMD5NET-b1134
MCAccess: 1.4.6-1.11.2|? / Bukkit-API
Features:
  blocks: BlocksMC1_4 | BlocksMC1_5 | BlocksMC1_6_1 | BlocksMC1_7_2 | BlocksMC1_8 | BlocksMC1_9 | BlocksMC1_10 | BlocksMC1_11 | BlocksMC1_12
  checks: FastConsume | Gutenberg | HotFixFallingBlockPortalEnter
  defaults: pvpKnockBackVelocity
Hooks: AllViolations~NCP~ 1.0
25-04-19 14:08:49 [INFO] Removed hook: AllViolations(NCP) [1.0].
25-04-19 14:08:49 [FINE] | cancel.dead 0 | cancel.offline 0 | block.interact.look.current 0 | block.interact.look.flying.first 0 | block.interact.look.flying.other 0 | illegalitem 0 | boatsanywhere 0 | throwenderpearl 0 | fakeinvulnerable 0 | eggonentity 0 | event.player.move 0 |
25-04-19 14:08:49 [INFO] [GenericInstanceRegistry] Registry cleared.
25-04-19 14:18:17 [INFORMAÇÕES] Logger started.
25-04-19 14:18:17 [INFORMAÇÕES] Logging system initialized.
25-04-19 14:18:17 [INFORMAÇÕES] Detected Minecraft version: 1.21.5
25-04-19 14:18:20 [ADVERTÊNCIA] Running in Bukkit-API-only mode (1.21.5-22-6c2b037 (MC: 1.21.5)). If this is not intended, please check for updates and consider to request support.
25-04-19 14:18:20 [ADVERTÊNCIA]  Check for updates and support at BukkitDev: https://dev.bukkit.org/server-mods/nocheatplus/
25-04-19 14:18:20 [ADVERTÊNCIA]  Development builds (unsupported by the Bukkit Staff, use at your own risk): https://ci.md-5.net/job/NoCheatPlus/changes
25-04-19 14:18:20 [ADVERTÊNCIA] Bukkit-API-only mode: Some features will likely not function properly, performance might suffer.
25-04-19 14:18:20 [INFORMAÇÕES] McAccess set to: 1.4.6-1.11.2|? / Bukkit-API
25-04-19 14:18:20 [INFORMAÇÕES] Added block-info for Minecraft 1.5 blocks.
25-04-19 14:18:20 [INFORMAÇÕES] Added block-info for Minecraft 1.6.1 blocks.
25-04-19 14:18:20 [INFORMAÇÕES] Added block-info for Minecraft 1.7.2 blocks.
25-04-19 14:18:20 [INFORMAÇÕES] Added block-info for Minecraft 1.8 blocks.
25-04-19 14:18:20 [INFORMAÇÕES] Added block-info for Minecraft 1.9 blocks.
25-04-19 14:18:20 [INFORMAÇÕES] Added block-info for Minecraft 1.10 blocks.
25-04-19 14:18:20 [INFORMAÇÕES] Added block-info for Minecraft 1.11 blocks.
25-04-19 14:18:20 [INFORMAÇÕES] Added block-info for Minecraft 1.12 blocks.
25-04-19 14:18:20 [INFORMAÇÕES] Inventory checks: FastConsume is available, disabled InstantEat.
25-04-19 14:18:20 [INFORMAÇÕES] Packet level access: ProtocolLib is not available.
25-04-19 14:18:20 [INFORMAÇÕES] Force disable FastHeal on Minecraft 1.9 and later.
25-04-19 14:18:20 [INFORMAÇÕES] Version 3.16.0-RC-sMD5NET-b1134 is enabled.
25-04-19 14:18:20 [INFORMAÇÕES] [GenericInstanceRegistry] Registered for itself: fr.neatmonster.nocheatplus.stats.Counters
25-04-19 14:18:20 [INFORMAÇÕES] [GenericInstanceRegistry] Registered for itself: fr.neatmonster.nocheatplus.checks.workaround.WRPT
25-04-19 14:18:20 [INFORMAÇÕES] [GenericInstanceRegistry] Registered for itself: fr.neatmonster.nocheatplus.checks.moving.location.tracking.LocationTrace$TraceEntryPool
25-04-19 14:18:20 [INFORMAÇÕES] [GenericInstanceRegistry] Registered for itself: fr.neatmonster.nocheatplus.utilities.entity.PassengerUtil
25-04-19 14:18:20 [INFORMAÇÕES] [GenericInstanceRegistry] Registered for itself: java.util.Random
25-04-19 14:18:20 [INFORMAÇÕES] [GenericInstanceRegistry] Registered for fr.neatmonster.nocheatplus.compat.IBridgeCrossPlugin: fr.neatmonster.nocheatplus.compat.meta.BridgeCrossPlugin
25-04-19 14:18:20 [INFORMAÇÕES] [GenericInstanceRegistry] Registered for fr.neatmonster.nocheatplus.compat.MCAccess: fr.neatmonster.nocheatplus.compat.bukkit.MCAccessBukkit
25-04-19 14:18:20 [INFORMAÇÕES] [GenericInstanceRegistry] Registered for fr.neatmonster.nocheatplus.utilities.map.BlockCache: fr.neatmonster.nocheatplus.compat.bukkit.BlockCacheBukkit
25-04-19 14:18:20 [INFORMAÇÕES] [GenericInstanceRegistry] Registered for fr.neatmonster.nocheatplus.components.modifier.IAttributeAccess: fr.neatmonster.nocheatplus.compat.bukkit.BukkitAttributeAccess
25-04-19 14:18:20 [INFORMAÇÕES] Could not register an instance for: fr.neatmonster.nocheatplus.components.entity.IEntityAccessLastPositionAndLook
25-04-19 14:18:20 [INFORMAÇÕES] [GenericInstanceRegistry] Registered for fr.neatmonster.nocheatplus.components.entity.IEntityAccessVehicle: fr.neatmonster.nocheatplus.compat.bukkit.EntityAccessVehicleMultiPassenger
25-04-19 14:18:20 [INFORMAÇÕES] [GenericInstanceRegistry] Registered for itself: fr.neatmonster.nocheatplus.checks.moving.util.AuxMoving
25-04-19 14:18:20 [INFORMAÇÕES] Added hook: AllViolations(NCP) [1.0].
25-04-19 14:18:20 [ADVERTÊNCIA] The block breaking data is incomplete, default to allow instant breaking:
--- Missing entries -------------------------------
* MISSING (WHEAT) 
* MISSING (SIGN / SOLID+GROUND) 
* MISSING (WOOD_DOOR / SOLID+GROUND) 
* MISSING (IRON_DOOR / SOLID+GROUND) 
* MISSING (SUGAR_CANE) 
* MISSING (CAKE / SOLID+GROUND) 
* MISSING (BED / SOLID+GROUND) 
* MISSING (DIODE) 
* MISSING (NETHER_STALK) 
* MISSING (BREWING_STAND_ITEM / SOLID+GROUND) 
* MISSING (CAULDRON_ITEM / SOLID+GROUND) 
* MISSING (FLOWER_POT_ITEM) 
* MISSING (SKULL_ITEM) 
* MISSING (REDSTONE_COMPARATOR) 
* MISSING (BANNER / SOLID+GROUND) 
* MISSING (SPRUCE_DOOR_ITEM / SOLID+GROUND) 
* MISSING (BIRCH_DOOR_ITEM / SOLID+GROUND) 
* MISSING (JUNGLE_DOOR_ITEM / SOLID+GROUND) 
* MISSING (ACACIA_DOOR_ITEM / SOLID+GROUND) 
* MISSING (DARK_OAK_DOOR_ITEM / SOLID+GROUND) 
25-04-19 14:18:20 [INFORMAÇÕES] Post-enable running...
25-04-19 14:18:20 [INFORMAÇÕES] Post-enable finished.
25-04-19 14:18:20 [INFORMAÇÕES] ---- Version information ----
#### Server ####
1.21.5-22-6c2b037 ~MC: 1.21.5~
  detected: 1.21.5
#### NoCheatPlus ####
Plugin: 3.16.0-RC-sMD5NET-b1134
MCAccess: 1.4.6-1.11.2|? / Bukkit-API
Features:
  blocks: BlocksMC1_4 | BlocksMC1_5 | BlocksMC1_6_1 | BlocksMC1_7_2 | BlocksMC1_8 | BlocksMC1_9 | BlocksMC1_10 | BlocksMC1_11 | BlocksMC1_12
  checks: FastConsume | Gutenberg | HotFixFallingBlockPortalEnter
  defaults: pvpKnockBackVelocity
Hooks: AllViolations~NCP~ 1.0
25-04-19 14:20:18 [INFORMAÇÕES] Capipipipi failed Passable: moved into a block ([blocktype]) from 198.29, 73.92, 279.97 to 198.28, 73.92, 279.99 distance 0.03 . VL 11.
25-04-19 14:20:23 [INFORMAÇÕES] Capipipipi failed Passable: moved into a block ([blocktype]) from 198.15, 73.00, 280.44 to 198.22, 73.50, 280.25 distance 0.54 . VL 13.
25-04-19 14:20:28 [INFORMAÇÕES] Capipipipi failed Passable: moved into a block ([blocktype]) from 198.30, 74.00, 279.79 to 198.24, 74.00, 279.75 distance 0.07 . VL 28.
25-04-19 14:20:34 [INFORMAÇÕES] Capipipipi failed Passable: moved into a block ([blocktype]) from 197.55, 75.02, 280.29 to 197.42, 74.80, 280.28 distance 0.26 . VL 18.
25-04-19 14:32:20 [INFORMAÇÕES] Removed hook: AllViolations(NCP) [1.0].
25-04-19 14:32:20 [DETALHADO] | cancel.dead 0 | cancel.offline 0 | block.interact.look.current 22 (22/0) | block.interact.look.flying.first 0 | block.interact.look.flying.other 0 | illegalitem 0 | boatsanywhere 0 | throwenderpearl 0 | fakeinvulnerable 0 | eggonentity 0 | event.player.move 3904 (3904/0) |
25-04-19 14:32:20 [INFORMAÇÕES] [GenericInstanceRegistry] Registry cleared.
25-04-19 14:37:30 [INFORMAÇÕES] Logger started.
25-04-19 14:37:30 [INFORMAÇÕES] Logging system initialized.
25-04-19 14:37:30 [INFORMAÇÕES] Detected Minecraft version: 1.21.5
25-04-19 14:37:32 [ADVERTÊNCIA] Running in Bukkit-API-only mode (1.21.5-22-6c2b037 (MC: 1.21.5)). If this is not intended, please check for updates and consider to request support.
25-04-19 14:37:32 [ADVERTÊNCIA]  Check for updates and support at BukkitDev: https://dev.bukkit.org/server-mods/nocheatplus/
25-04-19 14:37:32 [ADVERTÊNCIA]  Development builds (unsupported by the Bukkit Staff, use at your own risk): https://ci.md-5.net/job/NoCheatPlus/changes
25-04-19 14:37:32 [ADVERTÊNCIA] Bukkit-API-only mode: Some features will likely not function properly, performance might suffer.
25-04-19 14:37:32 [INFORMAÇÕES] McAccess set to: 1.4.6-1.11.2|? / Bukkit-API
25-04-19 14:37:32 [INFORMAÇÕES] Added block-info for Minecraft 1.5 blocks.
25-04-19 14:37:32 [INFORMAÇÕES] Added block-info for Minecraft 1.6.1 blocks.
25-04-19 14:37:32 [INFORMAÇÕES] Added block-info for Minecraft 1.7.2 blocks.
25-04-19 14:37:32 [INFORMAÇÕES] Added block-info for Minecraft 1.8 blocks.
25-04-19 14:37:32 [INFORMAÇÕES] Added block-info for Minecraft 1.9 blocks.
25-04-19 14:37:32 [INFORMAÇÕES] Added block-info for Minecraft 1.10 blocks.
25-04-19 14:37:32 [INFORMAÇÕES] Added block-info for Minecraft 1.11 blocks.
25-04-19 14:37:32 [INFORMAÇÕES] Added block-info for Minecraft 1.12 blocks.
25-04-19 14:37:33 [INFORMAÇÕES] Inventory checks: FastConsume is available, disabled InstantEat.
25-04-19 14:37:33 [INFORMAÇÕES] Packet level access: ProtocolLib is not available.
25-04-19 14:37:33 [INFORMAÇÕES] Force disable FastHeal on Minecraft 1.9 and later.
25-04-19 14:37:33 [INFORMAÇÕES] Version 3.16.0-RC-sMD5NET-b1134 is enabled.
25-04-19 14:37:34 [INFORMAÇÕES] [GenericInstanceRegistry] Registered for itself: fr.neatmonster.nocheatplus.stats.Counters
25-04-19 14:37:34 [INFORMAÇÕES] [GenericInstanceRegistry] Registered for itself: fr.neatmonster.nocheatplus.checks.workaround.WRPT
25-04-19 14:37:34 [INFORMAÇÕES] [GenericInstanceRegistry] Registered for itself: fr.neatmonster.nocheatplus.checks.moving.location.tracking.LocationTrace$TraceEntryPool
25-04-19 14:37:34 [INFORMAÇÕES] [GenericInstanceRegistry] Registered for itself: fr.neatmonster.nocheatplus.utilities.entity.PassengerUtil
25-04-19 14:37:34 [INFORMAÇÕES] [GenericInstanceRegistry] Registered for itself: java.util.Random
25-04-19 14:37:34 [INFORMAÇÕES] [GenericInstanceRegistry] Registered for fr.neatmonster.nocheatplus.compat.IBridgeCrossPlugin: fr.neatmonster.nocheatplus.compat.meta.BridgeCrossPlugin
25-04-19 14:37:34 [INFORMAÇÕES] [GenericInstanceRegistry] Registered for fr.neatmonster.nocheatplus.compat.MCAccess: fr.neatmonster.nocheatplus.compat.bukkit.MCAccessBukkit
25-04-19 14:37:34 [INFORMAÇÕES] [GenericInstanceRegistry] Registered for fr.neatmonster.nocheatplus.utilities.map.BlockCache: fr.neatmonster.nocheatplus.compat.bukkit.BlockCacheBukkit
25-04-19 14:37:34 [INFORMAÇÕES] [GenericInstanceRegistry] Registered for fr.neatmonster.nocheatplus.components.modifier.IAttributeAccess: fr.neatmonster.nocheatplus.compat.bukkit.BukkitAttributeAccess
25-04-19 14:37:34 [INFORMAÇÕES] Could not register an instance for: fr.neatmonster.nocheatplus.components.entity.IEntityAccessLastPositionAndLook
25-04-19 14:37:34 [INFORMAÇÕES] [GenericInstanceRegistry] Registered for fr.neatmonster.nocheatplus.components.entity.IEntityAccessVehicle: fr.neatmonster.nocheatplus.compat.bukkit.EntityAccessVehicleMultiPassenger
25-04-19 14:37:34 [INFORMAÇÕES] [GenericInstanceRegistry] Registered for itself: fr.neatmonster.nocheatplus.checks.moving.util.AuxMoving
25-04-19 14:37:34 [INFORMAÇÕES] Added hook: AllViolations(NCP) [1.0].
25-04-19 14:37:34 [ADVERTÊNCIA] The block breaking data is incomplete, default to allow instant breaking:
--- Missing entries -------------------------------
* MISSING (WHEAT) 
* MISSING (SIGN / SOLID+GROUND) 
* MISSING (WOOD_DOOR / SOLID+GROUND) 
* MISSING (IRON_DOOR / SOLID+GROUND) 
* MISSING (SUGAR_CANE) 
* MISSING (CAKE / SOLID+GROUND) 
* MISSING (BED / SOLID+GROUND) 
* MISSING (DIODE) 
* MISSING (NETHER_STALK) 
* MISSING (BREWING_STAND_ITEM / SOLID+GROUND) 
* MISSING (CAULDRON_ITEM / SOLID+GROUND) 
* MISSING (FLOWER_POT_ITEM) 
* MISSING (SKULL_ITEM) 
* MISSING (REDSTONE_COMPARATOR) 
* MISSING (BANNER / SOLID+GROUND) 
* MISSING (SPRUCE_DOOR_ITEM / SOLID+GROUND) 
* MISSING (BIRCH_DOOR_ITEM / SOLID+GROUND) 
* MISSING (JUNGLE_DOOR_ITEM / SOLID+GROUND) 
* MISSING (ACACIA_DOOR_ITEM / SOLID+GROUND) 
* MISSING (DARK_OAK_DOOR_ITEM / SOLID+GROUND) 
25-04-19 14:37:34 [INFORMAÇÕES] Post-enable running...
25-04-19 14:37:34 [INFORMAÇÕES] Post-enable finished.
25-04-19 14:37:34 [INFORMAÇÕES] ---- Version information ----
#### Server ####
1.21.5-22-6c2b037 ~MC: 1.21.5~
  detected: 1.21.5
#### NoCheatPlus ####
Plugin: 3.16.0-RC-sMD5NET-b1134
MCAccess: 1.4.6-1.11.2|? / Bukkit-API
Features:
  blocks: BlocksMC1_4 | BlocksMC1_5 | BlocksMC1_6_1 | BlocksMC1_7_2 | BlocksMC1_8 | BlocksMC1_9 | BlocksMC1_10 | BlocksMC1_11 | BlocksMC1_12
  checks: FastConsume | Gutenberg | HotFixFallingBlockPortalEnter
  defaults: pvpKnockBackVelocity
Hooks: AllViolations~NCP~ 1.0
25-04-19 14:42:53 [INFORMAÇÕES] washinwu failed FastConsume: consumes LEGACY_ROTTEN_FLESH inconsistent(null) too fast. VL 21.
25-04-19 14:42:58 [INFORMAÇÕES] washinwu failed FastConsume: consumes LEGACY_ROTTEN_FLESH inconsistent(null) too fast. VL 42.
25-04-19 14:43:05 [INFORMAÇÕES] washinwu failed FastConsume: consumes LEGACY_ROTTEN_FLESH inconsistent(null) too fast. VL 63.
25-04-19 14:43:20 [INFORMAÇÕES] washinwu failed FastConsume: consumes LEGACY_RAW_CHICKEN inconsistent(null) too fast. VL 70.
25-04-19 14:43:25 [INFORMAÇÕES] washinwu failed FastConsume: consumes LEGACY_RAW_CHICKEN inconsistent(null) too fast. VL 91.
25-04-19 14:43:30 [INFORMAÇÕES] washinwu failed FastConsume: consumes LEGACY_RAW_CHICKEN inconsistent(null) too fast. VL 112.
25-04-19 14:45:23 [INFORMAÇÕES] washinwu failed FastConsume: consumes LEGACY_RAW_CHICKEN inconsistent(null) too fast. VL 140.
25-04-19 14:47:07 [INFORMAÇÕES] Removed hook: AllViolations(NCP) [1.0].
25-04-19 14:47:07 [DETALHADO] | cancel.dead 0 | cancel.offline 0 | block.interact.look.current 95 (95/0) | block.interact.look.flying.first 0 | block.interact.look.flying.other 0 | illegalitem 0 | boatsanywhere 0 | throwenderpearl 0 | fakeinvulnerable 0 | eggonentity 0 | event.player.move 6215 (6215/0) |
25-04-19 14:47:07 [INFORMAÇÕES] [GenericInstanceRegistry] Registry cleared.
